<?xml version="1.0" encoding="utf-8" standalone="no"?>
<!--This file represents the results of running a test suite-->
<test-results name="C:\Documents and Settings\blevinsn\My Documents\Projects\Helpdesk\HelpdeskModuleTests\bin\Debug\HelpdeskModuleTests.dll" total="1" failures="0" not-run="0" date="2007-12-05" time="16:28:15">
  <environment nunit-version="2.4.4.0" clr-version="2.0.50727.1433" os-version="Microsoft Windows NT 5.1.2600 Service Pack 2" platform="Win32NT" cwd="C:\Documents and Settings\blevinsn\My Documents\Projects\Helpdesk\HelpdeskModuleTests\bin\Debug" machine-name="DEV--00" user="blevinsn" user-domain="SWORPS" />
  <culture-info current-culture="en-US" current-uiculture="en-US" />
  <test-suite name="C:\Documents and Settings\blevinsn\My Documents\Projects\Helpdesk\HelpdeskModuleTests\bin\Debug\HelpdeskModuleTests.dll" success="True" time="3.500" asserts="0">
    <results>
      <test-suite name="HelpdeskModuleTests" success="True" time="3.500" asserts="0">
        <results>
          <test-suite name="AssignmentTest" success="True" time="3.484" asserts="0">
            <results>
              <test-case name="HelpdeskModuleTests.AssignmentTest.CreateAssignmentTest" executed="True" success="True" time="3.109" asserts="2">
                <categories>
                  <category name="Assignment Tests" />
                </categories>
              </test-case>
            </results>
          </test-suite>
        </results>
      </test-suite>
    </results>
  </test-suite>
</test-results>